# JRE version: OpenJDK Runtime Environment Temurin-21.0.10+7 (21.0.10+7) (build 21.0.10+7-LTS)
# Java VM: OpenJDK 64-Bit Server VM Temurin-21.0.10+7 (21.0.10+7-LTS, mixed mode, sharing, tiered, compressed oops, compressed class ptrs, parallel gc, windows-amd64)
GC Precious Log:
 CardTable entry size: 512
 CPUs: 12 total, 12 available
 Memory: 16174M
 Large Page Support: Disabled
 NUMA Support: Disabled
 Compressed Oops: Enabled (32-bit)
 Alignments: Space 512K, Generation 512K, Heap 2M
 Heap Min Capacity: 100M
 Heap Initial Capacity: 100M
 Heap Max Capacity: 2G
 Pre-touch: Disabled
 Parallel Workers: 10
Heap:
 PSYoungGen      total 4608K, used 2851K [0x00000000d5580000, 0x00000000d5e80000, 0x0000000100000000)
  eden space 4096K, 61% used [0x00000000d5580000,0x00000000d57f8c30,0x00000000d5980000)
  from space 512K, 62% used [0x00000000d5e00000,0x00000000d5e50000,0x00000000d5e80000)
  to   space 512K, 0% used [0x00000000d5d80000,0x00000000d5d80000,0x00000000d5e00000)
 ParOldGen       total 549376K, used 549254K [0x0000000080000000, 0x00000000a1880000, 0x00000000d5580000)
  object space 549376K, 99% used [0x0000000080000000,0x00000000a1861b88,0x00000000a1880000)
 Metaspace       used 79774K, committed 81472K, reserved 1179648K
  class space    used 8607K, committed 9344K, reserved 1048576K
GC Heap History (20 events):
Event: 719.146 GC heap before
{Heap before GC invocations=876 (full 3):
 PSYoungGen      total 4608K, used 4602K [0x00000000d5580000, 0x00000000d5d80000, 0x0000000100000000)
  eden space 3584K, 99% used [0x00000000d5580000,0x00000000d58ffef8,0x00000000d5900000)
  from space 1024K, 99% used [0x00000000d5b00000,0x00000000d5bfe9d0,0x00000000d5c00000)
  to   space 2048K, 0% used [0x00000000d5900000,0x00000000d5900000,0x00000000d5b00000)
 ParOldGen       total 536576K, used 536355K [0x0000000080000000, 0x00000000a0c00000, 0x00000000d5580000)
  object space 536576K, 99% used [0x0000000080000000,0x00000000a0bc8cc0,0x00000000a0c00000)
 Metaspace       used 79539K, committed 81216K, reserved 1179648K
  class space    used 8597K, committed 9344K, reserved 1048576K
}
Event: 719.150 GC heap after
{Heap after GC invocations=876 (full 3):
 PSYoungGen      total 5632K, used 2030K [0x00000000d5580000, 0x00000000d6000000, 0x0000000100000000)
  eden space 3584K, 0% used [0x00000000d5580000,0x00000000d5580000,0x00000000d5900000)
  from space 2048K, 99% used [0x00000000d5900000,0x00000000d5afba40,0x00000000d5b00000)
  to   space 3584K, 0% used [0x00000000d5c80000,0x00000000d5c80000,0x00000000d6000000)
 ParOldGen       total 538112K, used 537602K [0x0000000080000000, 0x00000000a0d80000, 0x00000000d5580000)
  object space 538112K, 99% used [0x0000000080000000,0x00000000a0d008b0,0x00000000a0d80000)
 Metaspace       used 79539K, committed 81216K, reserved 1179648K
  class space    used 8597K, committed 9344K, reserved 1048576K
}
Event: 719.171 GC heap before
{Heap before GC invocations=877 (full 3):
 PSYoungGen      total 5632K, used 5595K [0x00000000d5580000, 0x00000000d6000000, 0x0000000100000000)
  eden space 3584K, 99% used [0x00000000d5580000,0x00000000d58fb440,0x00000000d5900000)
  from space 2048K, 99% used [0x00000000d5900000,0x00000000d5afba40,0x00000000d5b00000)
  to   space 3584K, 0% used [0x00000000d5c80000,0x00000000d5c80000,0x00000000d6000000)
 ParOldGen       total 538112K, used 537602K [0x0000000080000000, 0x00000000a0d80000, 0x00000000d5580000)
  object space 538112K, 99% used [0x0000000080000000,0x00000000a0d008b0,0x00000000a0d80000)
 Metaspace       used 79563K, committed 81280K, reserved 1179648K
  class space    used 8599K, committed 9344K, reserved 1048576K
}
Event: 719.176 GC heap after
{Heap after GC invocations=877 (full 3):
 PSYoungGen      total 6656K, used 2764K [0x00000000d5580000, 0x00000000d5f80000, 0x0000000100000000)
  eden space 3584K, 0% used [0x00000000d5580000,0x00000000d5580000,0x00000000d5900000)
  from space 3072K, 89% used [0x00000000d5c80000,0x00000000d5f33018,0x00000000d5f80000)
  to   space 3072K, 0% used [0x00000000d5980000,0x00000000d5980000,0x00000000d5c80000)
 ParOldGen       total 540160K, used 539656K [0x0000000080000000, 0x00000000a0f80000, 0x00000000d5580000)
  object space 540160K, 99% used [0x0000000080000000,0x00000000a0f02300,0x00000000a0f80000)
 Metaspace       used 79563K, committed 81280K, reserved 1179648K
  class space    used 8599K, committed 9344K, reserved 1048576K
}
Event: 719.187 GC heap before
{Heap before GC invocations=878 (full 3):
 PSYoungGen      total 6656K, used 6348K [0x00000000d5580000, 0x00000000d5f80000, 0x0000000100000000)
  eden space 3584K, 100% used [0x00000000d5580000,0x00000000d5900000,0x00000000d5900000)
  from space 3072K, 89% used [0x00000000d5c80000,0x00000000d5f33018,0x00000000d5f80000)
  to   space 3072K, 0% used [0x00000000d5980000,0x00000000d5980000,0x00000000d5c80000)
 ParOldGen       total 540160K, used 539656K [0x0000000080000000, 0x00000000a0f80000, 0x00000000d5580000)
  object space 540160K, 99% used [0x0000000080000000,0x00000000a0f02300,0x00000000a0f80000)
 Metaspace       used 79563K, committed 81280K, reserved 1179648K
  class space    used 8599K, committed 9344K, reserved 1048576K
}
Event: 719.195 GC heap after
{Heap after GC invocations=878 (full 3):
 PSYoungGen      total 7168K, used 3057K [0x00000000d5580000, 0x00000000d6600000, 0x0000000100000000)
  eden space 4096K, 0% used [0x00000000d5580000,0x00000000d5580000,0x00000000d5980000)
  from space 3072K, 99% used [0x00000000d5980000,0x00000000d5c7c5e8,0x00000000d5c80000)
  to   space 6144K, 0% used [0x00000000d6000000,0x00000000d6000000,0x00000000d6600000)
 ParOldGen       total 542720K, used 542212K [0x0000000080000000, 0x00000000a1200000, 0x00000000d5580000)
  object space 542720K, 99% used [0x0000000080000000,0x00000000a11812c0,0x00000000a1200000)
 Metaspace       used 79563K, committed 81280K, reserved 1179648K
  class space    used 8599K, committed 9344K, reserved 1048576K
}
Event: 719.233 GC heap before
{Heap before GC invocations=879 (full 3):
 PSYoungGen      total 7168K, used 7153K [0x00000000d5580000, 0x00000000d6600000, 0x0000000100000000)
  eden space 4096K, 100% used [0x00000000d5580000,0x00000000d5980000,0x00000000d5980000)
  from space 3072K, 99% used [0x00000000d5980000,0x00000000d5c7c5e8,0x00000000d5c80000)
  to   space 6144K, 0% used [0x00000000d6000000,0x00000000d6000000,0x00000000d6600000)
 ParOldGen       total 542720K, used 542212K [0x0000000080000000, 0x00000000a1200000, 0x00000000d5580000)
  object space 542720K, 99% used [0x0000000080000000,0x00000000a11812c0,0x00000000a1200000)
 Metaspace       used 79564K, committed 81280K, reserved 1179648K
  class space    used 8599K, committed 9344K, reserved 1048576K
}
Event: 719.237 GC heap after
{Heap after GC invocations=879 (full 3):
 PSYoungGen      total 7680K, used 3296K [0x00000000d5580000, 0x00000000d6380000, 0x0000000100000000)
  eden space 4096K, 0% used [0x00000000d5580000,0x00000000d5580000,0x00000000d5980000)
  from space 3584K, 91% used [0x00000000d6000000,0x00000000d6338280,0x00000000d6380000)
  to   space 4608K, 0% used [0x00000000d5a80000,0x00000000d5a80000,0x00000000d5f00000)
 ParOldGen       total 545792K, used 545302K [0x0000000080000000, 0x00000000a1500000, 0x00000000d5580000)
  object space 545792K, 99% used [0x0000000080000000,0x00000000a14858a8,0x00000000a1500000)
 Metaspace       used 79564K, committed 81280K, reserved 1179648K
  class space    used 8599K, committed 9344K, reserved 1048576K
}
Event: 719.475 GC heap before
{Heap before GC invocations=880 (full 3):
 PSYoungGen      total 7680K, used 7392K [0x00000000d5580000, 0x00000000d6380000, 0x0000000100000000)
  eden space 4096K, 100% used [0x00000000d5580000,0x00000000d5980000,0x00000000d5980000)
  from space 3584K, 91% used [0x00000000d6000000,0x00000000d6338280,0x00000000d6380000)
  to   space 4608K, 0% used [0x00000000d5a80000,0x00000000d5a80000,0x00000000d5f00000)
 ParOldGen       total 545792K, used 545302K [0x0000000080000000, 0x00000000a1500000, 0x00000000d5580000)
  object space 545792K, 99% used [0x0000000080000000,0x00000000a14858a8,0x00000000a1500000)
 Metaspace       used 79592K, committed 81280K, reserved 1179648K
  class space    used 8605K, committed 9344K, reserved 1048576K
}
Event: 719.477 GC heap after
{Heap after GC invocations=880 (full 3):
 PSYoungGen      total 5120K, used 544K [0x00000000d5580000, 0x00000000d6080000, 0x0000000100000000)
  eden space 4096K, 0% used [0x00000000d5580000,0x00000000d5580000,0x00000000d5980000)
  from space 1024K, 53% used [0x00000000d5a80000,0x00000000d5b08000,0x00000000d5b80000)
  to   space 2048K, 0% used [0x00000000d5e80000,0x00000000d5e80000,0x00000000d6080000)
 ParOldGen       total 548864K, used 548494K [0x0000000080000000, 0x00000000a1800000, 0x00000000d5580000)
  object space 548864K, 99% used [0x0000000080000000,0x00000000a17a3b28,0x00000000a1800000)
 Metaspace       used 79592K, committed 81280K, reserved 1179648K
  class space    used 8605K, committed 9344K, reserved 1048576K
}
Event: 719.808 GC heap before
{Heap before GC invocations=881 (full 3):
 PSYoungGen      total 5120K, used 4640K [0x00000000d5580000, 0x00000000d6080000, 0x0000000100000000)
  eden space 4096K, 100% used [0x00000000d5580000,0x00000000d5980000,0x00000000d5980000)
  from space 1024K, 53% used [0x00000000d5a80000,0x00000000d5b08000,0x00000000d5b80000)
  to   space 2048K, 0% used [0x00000000d5e80000,0x00000000d5e80000,0x00000000d6080000)
 ParOldGen       total 548864K, used 548494K [0x0000000080000000, 0x00000000a1800000, 0x00000000d5580000)
  object space 548864K, 99% used [0x0000000080000000,0x00000000a17a3b28,0x00000000a1800000)
 Metaspace       used 79602K, committed 81280K, reserved 1179648K
  class space    used 8605K, committed 9344K, reserved 1048576K
}
Event: 719.809 GC heap after
{Heap after GC invocations=881 (full 3):
 PSYoungGen      total 4608K, used 352K [0x00000000d5580000, 0x00000000d5f00000, 0x0000000100000000)
  eden space 4096K, 0% used [0x00000000d5580000,0x00000000d5580000,0x00000000d5980000)
  from space 512K, 68% used [0x00000000d5e80000,0x00000000d5ed8000,0x00000000d5f00000)
  to   space 1024K, 0% used [0x00000000d5d00000,0x00000000d5d00000,0x00000000d5e00000)
 ParOldGen       total 548864K, used 548702K [0x0000000080000000, 0x00000000a1800000, 0x00000000d5580000)
  object space 548864K, 99% used [0x0000000080000000,0x00000000a17d7b28,0x00000000a1800000)
 Metaspace       used 79602K, committed 81280K, reserved 1179648K
  class space    used 8605K, committed 9344K, reserved 1048576K
}
Event: 719.987 GC heap before
{Heap before GC invocations=882 (full 3):
 PSYoungGen      total 4608K, used 4448K [0x00000000d5580000, 0x00000000d5f00000, 0x0000000100000000)
  eden space 4096K, 100% used [0x00000000d5580000,0x00000000d5980000,0x00000000d5980000)
  from space 512K, 68% used [0x00000000d5e80000,0x00000000d5ed8000,0x00000000d5f00000)
  to   space 1024K, 0% used [0x00000000d5d00000,0x00000000d5d00000,0x00000000d5e00000)
 ParOldGen       total 548864K, used 548702K [0x0000000080000000, 0x00000000a1800000, 0x00000000d5580000)
  object space 548864K, 99% used [0x0000000080000000,0x00000000a17d7b28,0x00000000a1800000)
 Metaspace       used 79636K, committed 81344K, reserved 1179648K
  class space    used 8605K, committed 9344K, reserved 1048576K
}
Event: 719.988 GC heap after
{Heap after GC invocations=882 (full 3):
 PSYoungGen      total 5120K, used 608K [0x00000000d5580000, 0x00000000d5f00000, 0x0000000100000000)
  eden space 4096K, 0% used [0x00000000d5580000,0x00000000d5580000,0x00000000d5980000)
  from space 1024K, 59% used [0x00000000d5d00000,0x00000000d5d98040,0x00000000d5e00000)
  to   space 1024K, 0% used [0x00000000d5e00000,0x00000000d5e00000,0x00000000d5f00000)
 ParOldGen       total 548864K, used 548798K [0x0000000080000000, 0x00000000a1800000, 0x00000000d5580000)
  object space 548864K, 99% used [0x0000000080000000,0x00000000a17efb28,0x00000000a1800000)
 Metaspace       used 79636K, committed 81344K, reserved 1179648K
  class space    used 8605K, committed 9344K, reserved 1048576K
}
Event: 720.059 GC heap before
{Heap before GC invocations=883 (full 3):
 PSYoungGen      total 5120K, used 4704K [0x00000000d5580000, 0x00000000d5f00000, 0x0000000100000000)
  eden space 4096K, 100% used [0x00000000d5580000,0x00000000d5980000,0x00000000d5980000)
  from space 1024K, 59% used [0x00000000d5d00000,0x00000000d5d98040,0x00000000d5e00000)
  to   space 1024K, 0% used [0x00000000d5e00000,0x00000000d5e00000,0x00000000d5f00000)
 ParOldGen       total 548864K, used 548798K [0x0000000080000000, 0x00000000a1800000, 0x00000000d5580000)
  object space 548864K, 99% used [0x0000000080000000,0x00000000a17efb28,0x00000000a1800000)
 Metaspace       used 79693K, committed 81344K, reserved 1179648K
  class space    used 8607K, committed 9344K, reserved 1048576K
}
Event: 720.061 GC heap after
{Heap after GC invocations=883 (full 3):
 PSYoungGen      total 5120K, used 928K [0x00000000d5580000, 0x00000000d5f00000, 0x0000000100000000)
  eden space 4096K, 0% used [0x00000000d5580000,0x00000000d5580000,0x00000000d5980000)
  from space 1024K, 90% used [0x00000000d5e00000,0x00000000d5ee8000,0x00000000d5f00000)
  to   space 1024K, 0% used [0x00000000d5d00000,0x00000000d5d00000,0x00000000d5e00000)
 ParOldGen       total 549376K, used 549006K [0x0000000080000000, 0x00000000a1880000, 0x00000000d5580000)
  object space 549376K, 99% used [0x0000000080000000,0x00000000a1823b68,0x00000000a1880000)
 Metaspace       used 79693K, committed 81344K, reserved 1179648K
  class space    used 8607K, committed 9344K, reserved 1048576K
}
Event: 720.794 GC heap before
{Heap before GC invocations=884 (full 3):
 PSYoungGen      total 5120K, used 5024K [0x00000000d5580000, 0x00000000d5f00000, 0x0000000100000000)
  eden space 4096K, 100% used [0x00000000d5580000,0x00000000d5980000,0x00000000d5980000)
  from space 1024K, 90% used [0x00000000d5e00000,0x00000000d5ee8000,0x00000000d5f00000)
  to   space 1024K, 0% used [0x00000000d5d00000,0x00000000d5d00000,0x00000000d5e00000)
 ParOldGen       total 549376K, used 549006K [0x0000000080000000, 0x00000000a1880000, 0x00000000d5580000)
  object space 549376K, 99% used [0x0000000080000000,0x00000000a1823b68,0x00000000a1880000)
 Metaspace       used 79701K, committed 81344K, reserved 1179648K
  class space    used 8607K, committed 9344K, reserved 1048576K
}
Event: 720.796 GC heap after
{Heap after GC invocations=884 (full 3):
 PSYoungGen      total 5120K, used 576K [0x00000000d5580000, 0x00000000d5e80000, 0x0000000100000000)
  eden space 4096K, 0% used [0x00000000d5580000,0x00000000d5580000,0x00000000d5980000)
  from space 1024K, 56% used [0x00000000d5d00000,0x00000000d5d90020,0x00000000d5e00000)
  to   space 512K, 0% used [0x00000000d5e00000,0x00000000d5e00000,0x00000000d5e80000)
 ParOldGen       total 549376K, used 549126K [0x0000000080000000, 0x00000000a1880000, 0x00000000d5580000)
  object space 549376K, 99% used [0x0000000080000000,0x00000000a1841b68,0x00000000a1880000)
 Metaspace       used 79701K, committed 81344K, reserved 1179648K
  class space    used 8607K, committed 9344K, reserved 1048576K
}
Event: 745.735 GC heap before
{Heap before GC invocations=885 (full 3):
 PSYoungGen      total 5120K, used 4672K [0x00000000d5580000, 0x00000000d5e80000, 0x0000000100000000)
  eden space 4096K, 100% used [0x00000000d5580000,0x00000000d5980000,0x00000000d5980000)
  from space 1024K, 56% used [0x00000000d5d00000,0x00000000d5d90020,0x00000000d5e00000)
  to   space 512K, 0% used [0x00000000d5e00000,0x00000000d5e00000,0x00000000d5e80000)
 ParOldGen       total 549376K, used 549126K [0x0000000080000000, 0x00000000a1880000, 0x00000000d5580000)
  object space 549376K, 99% used [0x0000000080000000,0x00000000a1841b68,0x00000000a1880000)
 Metaspace       used 79733K, committed 81408K, reserved 1179648K
  class space    used 8607K, committed 9344K, reserved 1048576K
}
Event: 745.737 GC heap after
{Heap after GC invocations=885 (full 3):
 PSYoungGen      total 4608K, used 320K [0x00000000d5580000, 0x00000000d5e80000, 0x0000000100000000)
  eden space 4096K, 0% used [0x00000000d5580000,0x00000000d5580000,0x00000000d5980000)
  from space 512K, 62% used [0x00000000d5e00000,0x00000000d5e50000,0x00000000d5e80000)
  to   space 512K, 0% used [0x00000000d5d80000,0x00000000d5d80000,0x00000000d5e00000)
 ParOldGen       total 549376K, used 549254K [0x0000000080000000, 0x00000000a1880000, 0x00000000d5580000)
  object space 549376K, 99% used [0x0000000080000000,0x00000000a1861b88,0x00000000a1880000)
 Metaspace       used 79733K, committed 81408K, reserved 1179648K
  class space    used 8607K, committed 9344K, reserved 1048576K
}

